  analysis.c
  bitrate.c
  block.c
C:\Users\ws103\Desktop\vorbis-v1.3.7\lib\block.c(255,10): warning C4456: declaration of 'i' hides previous local declaration
C:\Users\ws103\Desktop\vorbis-v1.3.7\lib\block.c(171,7): message : see declaration of 'i'
C:\Users\ws103\Desktop\vorbis-v1.3.7\lib\block.c(1028,10): warning C4456: declaration of 'i' hides previous local declaration
C:\Users\ws103\Desktop\vorbis-v1.3.7\lib\block.c(971,7): message : see declaration of 'i'
  codebook.c
  envelope.c
  floor0.c
  floor1.c
C:\Users\ws103\Desktop\vorbis-v1.3.7\lib\floor1.c(496,15): warning C4457: declaration of 'a' hides function parameter
C:\Users\ws103\Desktop\vorbis-v1.3.7\lib\floor1.c(456,32): message : see declaration of 'a'
C:\Users\ws103\Desktop\vorbis-v1.3.7\lib\floor1.c(713,13): warning C4456: declaration of 'y0' hides previous local declaration
C:\Users\ws103\Desktop\vorbis-v1.3.7\lib\floor1.c(612,9): message : see declaration of 'y0'
C:\Users\ws103\Desktop\vorbis-v1.3.7\lib\floor1.c(714,13): warning C4456: declaration of 'y1' hides previous local declaration
C:\Users\ws103\Desktop\vorbis-v1.3.7\lib\floor1.c(613,9): message : see declaration of 'y1'
  info.c
C:\Users\ws103\Desktop\vorbis-v1.3.7\lib\info.c(64,9): warning C4996: 'strcpy': This function or variable may be unsafe. Consider using strcpy_s instead. To disable deprecation, use _CRT_SECURE_NO_WARNINGS. See online help for details.
C:\Users\ws103\Desktop\vorbis-v1.3.7\lib\info.c(72,9): warning C4996: 'strcpy': This function or variable may be unsafe. Consider using strcpy_s instead. To disable deprecation, use _CRT_SECURE_NO_WARNINGS. See online help for details.
C:\Users\ws103\Desktop\vorbis-v1.3.7\lib\info.c(73,9): warning C4996: 'strcat': This function or variable may be unsafe. Consider using strcat_s instead. To disable deprecation, use _CRT_SECURE_NO_WARNINGS. See online help for details.
C:\Users\ws103\Desktop\vorbis-v1.3.7\lib\info.c(74,9): warning C4996: 'strcat': This function or variable may be unsafe. Consider using strcat_s instead. To disable deprecation, use _CRT_SECURE_NO_WARNINGS. See online help for details.
C:\Users\ws103\Desktop\vorbis-v1.3.7\lib\info.c(97,9): warning C4996: 'strcpy': This function or variable may be unsafe. Consider using strcpy_s instead. To disable deprecation, use _CRT_SECURE_NO_WARNINGS. See online help for details.
C:\Users\ws103\Desktop\vorbis-v1.3.7\lib\info.c(98,9): warning C4996: 'strcat': This function or variable may be unsafe. Consider using strcat_s instead. To disable deprecation, use _CRT_SECURE_NO_WARNINGS. See online help for details.
C:\Users\ws103\Desktop\vorbis-v1.3.7\lib\info.c(119,9): warning C4996: 'strcpy': This function or variable may be unsafe. Consider using strcpy_s instead. To disable deprecation, use _CRT_SECURE_NO_WARNINGS. See online help for details.
C:\Users\ws103\Desktop\vorbis-v1.3.7\lib\info.c(120,9): warning C4996: 'strcat': This function or variable may be unsafe. Consider using strcat_s instead. To disable deprecation, use _CRT_SECURE_NO_WARNINGS. See online help for details.
  lookup.c
  lpc.c
  lsp.c
  mapping0.c
  mdct.c
C:\Users\ws103\Desktop\vorbis-v1.3.7\lib\mdct.c(78,32): warning C4456: declaration of 'i' hides previous local declaration
C:\Users\ws103\Desktop\vorbis-v1.3.7\lib\mdct.c(55,7): message : see declaration of 'i'
C:\Users\ws103\Desktop\vorbis-v1.3.7\lib\mdct.c(439,19): warning C4456: declaration of 'iX' hides previous local declaration
C:\Users\ws103\Desktop\vorbis-v1.3.7\lib\mdct.c(403,14): message : see declaration of 'iX'
  psy.c
C:\Users\ws103\Desktop\vorbis-v1.3.7\lib\psy.c(238,16): warning C4456: declaration of 'bin' hides previous local declaration
C:\Users\ws103\Desktop\vorbis-v1.3.7\lib\psy.c(159,27): message : see declaration of 'bin'
  registry.c
  res0.c
  sharedbook.c
  smallft.c
  synthesis.c
  vorbisenc.c
  Compiling...
  window.c
     Creating library C:\Users\ws103\Desktop\vorbis-v1.3.7\win32\VS2010\ARM64\Release\libvorbis.lib and object C:\Users\ws103\Desktop\vorbis-v1.3.7\win32\VS2010\ARM64\Release\libvorbis.exp
  Generating code
  Finished generating code
  libvorbis_dynamic.vcxproj -> C:\Users\ws103\Desktop\vorbis-v1.3.7\win32\VS2010\ARM64\Release\libvorbis.dll
