c:\users\ws103\desktop\vorbis-v1.3.7\win32\vs2010\libvorbis\arm64\release\vc142.pdb
c:\users\ws103\desktop\vorbis-v1.3.7\win32\vs2010\libvorbis\arm64\release\vorbisenc.obj
c:\users\ws103\desktop\vorbis-v1.3.7\win32\vs2010\libvorbis\arm64\release\synthesis.obj
c:\users\ws103\desktop\vorbis-v1.3.7\win32\vs2010\libvorbis\arm64\release\smallft.obj
c:\users\ws103\desktop\vorbis-v1.3.7\win32\vs2010\libvorbis\arm64\release\sharedbook.obj
c:\users\ws103\desktop\vorbis-v1.3.7\win32\vs2010\libvorbis\arm64\release\res0.obj
c:\users\ws103\desktop\vorbis-v1.3.7\win32\vs2010\libvorbis\arm64\release\registry.obj
c:\users\ws103\desktop\vorbis-v1.3.7\win32\vs2010\libvorbis\arm64\release\psy.obj
c:\users\ws103\desktop\vorbis-v1.3.7\win32\vs2010\libvorbis\arm64\release\mdct.obj
c:\users\ws103\desktop\vorbis-v1.3.7\win32\vs2010\libvorbis\arm64\release\mapping0.obj
c:\users\ws103\desktop\vorbis-v1.3.7\win32\vs2010\libvorbis\arm64\release\lsp.obj
c:\users\ws103\desktop\vorbis-v1.3.7\win32\vs2010\libvorbis\arm64\release\lpc.obj
c:\users\ws103\desktop\vorbis-v1.3.7\win32\vs2010\libvorbis\arm64\release\lookup.obj
c:\users\ws103\desktop\vorbis-v1.3.7\win32\vs2010\libvorbis\arm64\release\info.obj
c:\users\ws103\desktop\vorbis-v1.3.7\win32\vs2010\libvorbis\arm64\release\floor1.obj
c:\users\ws103\desktop\vorbis-v1.3.7\win32\vs2010\libvorbis\arm64\release\floor0.obj
c:\users\ws103\desktop\vorbis-v1.3.7\win32\vs2010\libvorbis\arm64\release\envelope.obj
c:\users\ws103\desktop\vorbis-v1.3.7\win32\vs2010\libvorbis\arm64\release\codebook.obj
c:\users\ws103\desktop\vorbis-v1.3.7\win32\vs2010\libvorbis\arm64\release\block.obj
c:\users\ws103\desktop\vorbis-v1.3.7\win32\vs2010\libvorbis\arm64\release\bitrate.obj
c:\users\ws103\desktop\vorbis-v1.3.7\win32\vs2010\libvorbis\arm64\release\analysis.obj
c:\users\ws103\desktop\vorbis-v1.3.7\win32\vs2010\libvorbis\arm64\release\window.obj
c:\users\ws103\desktop\vorbis-v1.3.7\win32\vs2010\arm64\release\libvorbis.lib
c:\users\ws103\desktop\vorbis-v1.3.7\win32\vs2010\arm64\release\libvorbis.exp
c:\users\ws103\desktop\vorbis-v1.3.7\win32\vs2010\arm64\release\libvorbis.dll
c:\users\ws103\desktop\vorbis-v1.3.7\win32\vs2010\libvorbis\arm64\release\libvorbis.tlog\cl.command.1.tlog
c:\users\ws103\desktop\vorbis-v1.3.7\win32\vs2010\libvorbis\arm64\release\libvorbis.tlog\cl.read.1.tlog
c:\users\ws103\desktop\vorbis-v1.3.7\win32\vs2010\libvorbis\arm64\release\libvorbis.tlog\cl.write.1.tlog
c:\users\ws103\desktop\vorbis-v1.3.7\win32\vs2010\libvorbis\arm64\release\libvorbis.tlog\libvorbis.write.1u.tlog
c:\users\ws103\desktop\vorbis-v1.3.7\win32\vs2010\libvorbis\arm64\release\libvorbis.tlog\link.command.1.tlog
c:\users\ws103\desktop\vorbis-v1.3.7\win32\vs2010\libvorbis\arm64\release\libvorbis.tlog\link.read.1.tlog
c:\users\ws103\desktop\vorbis-v1.3.7\win32\vs2010\libvorbis\arm64\release\libvorbis.tlog\link.write.1.tlog
