  adler32.c
  compress.c
  crc32.c
  deflate.c
  infback.c
C:\Users\ws103\Desktop\zlib\infback.c(622,9): error C2220: the following warning is treated as an error
C:\Users\ws103\Desktop\zlib\infback.c(622,9): warning C4061: enumerator 'HEAD' in switch of enum 'inflate_mode' is not explicitly handled by a case label
C:\Users\ws103\Desktop\zlib\inflate.h(20): message : see declaration of 'inflate_mode'
C:\Users\ws103\Desktop\zlib\infback.c(622,9): warning C4061: enumerator 'FLAGS' in switch of enum 'inflate_mode' is not explicitly handled by a case label
C:\Users\ws103\Desktop\zlib\inflate.h(20): message : see declaration of 'inflate_mode'
C:\Users\ws103\Desktop\zlib\infback.c(622,9): warning C4061: enumerator 'TIME' in switch of enum 'inflate_mode' is not explicitly handled by a case label
C:\Users\ws103\Desktop\zlib\inflate.h(20): message : see declaration of 'inflate_mode'
C:\Users\ws103\Desktop\zlib\infback.c(622,9): warning C4061: enumerator 'OS' in switch of enum 'inflate_mode' is not explicitly handled by a case label
C:\Users\ws103\Desktop\zlib\inflate.h(20): message : see declaration of 'inflate_mode'
C:\Users\ws103\Desktop\zlib\infback.c(622,9): warning C4061: enumerator 'EXLEN' in switch of enum 'inflate_mode' is not explicitly handled by a case label
C:\Users\ws103\Desktop\zlib\inflate.h(20): message : see declaration of 'inflate_mode'
C:\Users\ws103\Desktop\zlib\infback.c(622,9): warning C4061: enumerator 'EXTRA' in switch of enum 'inflate_mode' is not explicitly handled by a case label
C:\Users\ws103\Desktop\zlib\inflate.h(20): message : see declaration of 'inflate_mode'
C:\Users\ws103\Desktop\zlib\infback.c(622,9): warning C4061: enumerator 'NAME' in switch of enum 'inflate_mode' is not explicitly handled by a case label
C:\Users\ws103\Desktop\zlib\inflate.h(20): message : see declaration of 'inflate_mode'
C:\Users\ws103\Desktop\zlib\infback.c(622,9): warning C4061: enumerator 'COMMENT' in switch of enum 'inflate_mode' is not explicitly handled by a case label
C:\Users\ws103\Desktop\zlib\inflate.h(20): message : see declaration of 'inflate_mode'
C:\Users\ws103\Desktop\zlib\infback.c(622,9): warning C4061: enumerator 'HCRC' in switch of enum 'inflate_mode' is not explicitly handled by a case label
C:\Users\ws103\Desktop\zlib\inflate.h(20): message : see declaration of 'inflate_mode'
C:\Users\ws103\Desktop\zlib\infback.c(622,9): warning C4061: enumerator 'DICTID' in switch of enum 'inflate_mode' is not explicitly handled by a case label
C:\Users\ws103\Desktop\zlib\inflate.h(20): message : see declaration of 'inflate_mode'
C:\Users\ws103\Desktop\zlib\infback.c(622,9): warning C4061: enumerator 'DICT' in switch of enum 'inflate_mode' is not explicitly handled by a case label
C:\Users\ws103\Desktop\zlib\inflate.h(20): message : see declaration of 'inflate_mode'
C:\Users\ws103\Desktop\zlib\infback.c(622,9): warning C4061: enumerator 'TYPEDO' in switch of enum 'inflate_mode' is not explicitly handled by a case label
C:\Users\ws103\Desktop\zlib\inflate.h(20): message : see declaration of 'inflate_mode'
C:\Users\ws103\Desktop\zlib\infback.c(622,9): warning C4061: enumerator 'COPY_' in switch of enum 'inflate_mode' is not explicitly handled by a case label
C:\Users\ws103\Desktop\zlib\inflate.h(20): message : see declaration of 'inflate_mode'
C:\Users\ws103\Desktop\zlib\infback.c(622,9): warning C4061: enumerator 'COPY' in switch of enum 'inflate_mode' is not explicitly handled by a case label
C:\Users\ws103\Desktop\zlib\inflate.h(20): message : see declaration of 'inflate_mode'
C:\Users\ws103\Desktop\zlib\infback.c(622,9): warning C4061: enumerator 'LENLENS' in switch of enum 'inflate_mode' is not explicitly handled by a case label
C:\Users\ws103\Desktop\zlib\inflate.h(20): message : see declaration of 'inflate_mode'
C:\Users\ws103\Desktop\zlib\infback.c(622,9): warning C4061: enumerator 'CODELENS' in switch of enum 'inflate_mode' is not explicitly handled by a case label
C:\Users\ws103\Desktop\zlib\inflate.h(20): message : see declaration of 'inflate_mode'
C:\Users\ws103\Desktop\zlib\infback.c(622,9): warning C4061: enumerator 'LEN_' in switch of enum 'inflate_mode' is not explicitly handled by a case label
C:\Users\ws103\Desktop\zlib\inflate.h(20): message : see declaration of 'inflate_mode'
C:\Users\ws103\Desktop\zlib\infback.c(622,9): warning C4061: enumerator 'LENEXT' in switch of enum 'inflate_mode' is not explicitly handled by a case label
C:\Users\ws103\Desktop\zlib\inflate.h(20): message : see declaration of 'inflate_mode'
C:\Users\ws103\Desktop\zlib\infback.c(622,9): warning C4061: enumerator 'DIST' in switch of enum 'inflate_mode' is not explicitly handled by a case label
C:\Users\ws103\Desktop\zlib\inflate.h(20): message : see declaration of 'inflate_mode'
C:\Users\ws103\Desktop\zlib\infback.c(622,9): warning C4061: enumerator 'DISTEXT' in switch of enum 'inflate_mode' is not explicitly handled by a case label
C:\Users\ws103\Desktop\zlib\inflate.h(20): message : see declaration of 'inflate_mode'
C:\Users\ws103\Desktop\zlib\infback.c(622,9): warning C4061: enumerator 'MATCH' in switch of enum 'inflate_mode' is not explicitly handled by a case label
C:\Users\ws103\Desktop\zlib\inflate.h(20): message : see declaration of 'inflate_mode'
C:\Users\ws103\Desktop\zlib\infback.c(622,9): warning C4061: enumerator 'LIT' in switch of enum 'inflate_mode' is not explicitly handled by a case label
C:\Users\ws103\Desktop\zlib\inflate.h(20): message : see declaration of 'inflate_mode'
C:\Users\ws103\Desktop\zlib\infback.c(622,9): warning C4061: enumerator 'CHECK' in switch of enum 'inflate_mode' is not explicitly handled by a case label
C:\Users\ws103\Desktop\zlib\inflate.h(20): message : see declaration of 'inflate_mode'
C:\Users\ws103\Desktop\zlib\infback.c(622,9): warning C4061: enumerator 'LENGTH' in switch of enum 'inflate_mode' is not explicitly handled by a case label
C:\Users\ws103\Desktop\zlib\inflate.h(20): message : see declaration of 'inflate_mode'
C:\Users\ws103\Desktop\zlib\infback.c(622,9): warning C4061: enumerator 'MEM' in switch of enum 'inflate_mode' is not explicitly handled by a case label
C:\Users\ws103\Desktop\zlib\inflate.h(20): message : see declaration of 'inflate_mode'
C:\Users\ws103\Desktop\zlib\infback.c(622,9): warning C4061: enumerator 'SYNC' in switch of enum 'inflate_mode' is not explicitly handled by a case label
C:\Users\ws103\Desktop\zlib\inflate.h(20): message : see declaration of 'inflate_mode'
  inffast.c
  inflate.c
  inftrees.c
C:\Users\ws103\Desktop\zlib\inftrees.c(195,5): error C2220: the following warning is treated as an error
C:\Users\ws103\Desktop\zlib\inftrees.c(195,5): warning C4061: enumerator 'DISTS' in switch of enum 'codetype' is not explicitly handled by a case label
C:\Users\ws103\Desktop\zlib\inftrees.h(54): message : see declaration of 'codetype'
  trees.c
  uncompr.c
  zutil.c
