c:\users\ws103\desktop\zlib-1.2.11\contrib\vstudio\vc14\arm64\releasewithoutasm\vc142.pdb
c:\users\ws103\desktop\zlib-1.2.11\contrib\vstudio\vc14\arm64\releasewithoutasm\zutil.obj
c:\users\ws103\desktop\zlib-1.2.11\contrib\vstudio\vc14\arm64\releasewithoutasm\zip.obj
c:\users\ws103\desktop\zlib-1.2.11\contrib\vstudio\vc14\arm64\releasewithoutasm\unzip.obj
c:\users\ws103\desktop\zlib-1.2.11\contrib\vstudio\vc14\arm64\releasewithoutasm\uncompr.obj
c:\users\ws103\desktop\zlib-1.2.11\contrib\vstudio\vc14\arm64\releasewithoutasm\trees.obj
c:\users\ws103\desktop\zlib-1.2.11\contrib\vstudio\vc14\arm64\releasewithoutasm\iowin32.obj
c:\users\ws103\desktop\zlib-1.2.11\contrib\vstudio\vc14\arm64\releasewithoutasm\ioapi.obj
c:\users\ws103\desktop\zlib-1.2.11\contrib\vstudio\vc14\arm64\releasewithoutasm\inftrees.obj
c:\users\ws103\desktop\zlib-1.2.11\contrib\vstudio\vc14\arm64\releasewithoutasm\gzread.obj
c:\users\ws103\desktop\zlib-1.2.11\contrib\vstudio\vc14\arm64\releasewithoutasm\gzwrite.obj
c:\users\ws103\desktop\zlib-1.2.11\contrib\vstudio\vc14\arm64\releasewithoutasm\infback.obj
c:\users\ws103\desktop\zlib-1.2.11\contrib\vstudio\vc14\arm64\releasewithoutasm\inffas8664.obj
c:\users\ws103\desktop\zlib-1.2.11\contrib\vstudio\vc14\arm64\releasewithoutasm\inffast.obj
c:\users\ws103\desktop\zlib-1.2.11\contrib\vstudio\vc14\arm64\releasewithoutasm\inflate.obj
c:\users\ws103\desktop\zlib-1.2.11\contrib\vstudio\vc14\arm64\releasewithoutasm\adler32.obj
c:\users\ws103\desktop\zlib-1.2.11\contrib\vstudio\vc14\arm64\releasewithoutasm\compress.obj
c:\users\ws103\desktop\zlib-1.2.11\contrib\vstudio\vc14\arm64\releasewithoutasm\crc32.obj
c:\users\ws103\desktop\zlib-1.2.11\contrib\vstudio\vc14\arm64\releasewithoutasm\deflate.obj
c:\users\ws103\desktop\zlib-1.2.11\contrib\vstudio\vc14\arm64\releasewithoutasm\gzclose.obj
c:\users\ws103\desktop\zlib-1.2.11\contrib\vstudio\vc14\arm64\releasewithoutasm\gzlib.obj
c:\users\ws103\desktop\zlib-1.2.11\contrib\vstudio\vc14\arm64\releasewithoutasm\zlib.res
c:\users\ws103\desktop\zlib-1.2.11\contrib\vstudio\vc14\arm64\releasewithoutasm\zlibstat.pdb
c:\users\ws103\desktop\zlib-1.2.11\contrib\vstudio\vc14\arm64\releasewithoutasm\zlibvc.tlog\cl.command.1.tlog
c:\users\ws103\desktop\zlib-1.2.11\contrib\vstudio\vc14\arm64\releasewithoutasm\zlibvc.tlog\cl.read.1.tlog
c:\users\ws103\desktop\zlib-1.2.11\contrib\vstudio\vc14\arm64\releasewithoutasm\zlibvc.tlog\cl.write.1.tlog
