C:\Program Files (x86)\Microsoft Visual Studio\2019\Community\MSBuild\Microsoft\VC\v160\Microsoft.CppBuild.targets(491,5): warning MSB8028: The intermediate directory (ARM64\ReleaseWithoutAsm\) contains files shared from another project (zlibvc.vcxproj).  This can lead to incorrect clean and rebuild behavior.
  adler32.c
  compress.c
  crc32.c
  deflate.c
  gzclose.c
  gzlib.c
  gzread.c
C:\Users\ws103\Desktop\zlib-1.2.11\gzread.c(319,20): warning C4267: '=': conversion from 'size_t' to 'unsigned int', possible loss of data
C:\Users\ws103\Desktop\zlib-1.2.11\gzread.c(400,35): warning C4267: '=': conversion from 'size_t' to 'unsigned int', possible loss of data
C:\Users\ws103\Desktop\zlib-1.2.11\gzread.c(472,33): warning C4267: '=': conversion from 'size_t' to 'int', possible loss of data
  gzwrite.c
C:\Users\ws103\Desktop\zlib-1.2.11\gzwrite.c(212,27): warning C4267: '=': conversion from 'size_t' to 'unsigned int', possible loss of data
C:\Users\ws103\Desktop\zlib-1.2.11\gzwrite.c(232,24): warning C4267: '=': conversion from 'size_t' to 'unsigned int', possible loss of data
C:\Users\ws103\Desktop\zlib-1.2.11\gzwrite.c(371,36): warning C4267: '=': conversion from 'size_t' to 'int', possible loss of data
  infback.c
  inffas8664.c
  inffast.c
  inflate.c
  inftrees.c
  ioapi.c
  trees.c
  uncompr.c
  unzip.c
  zip.c
  zutil.c
  Generating Code...
  zlibstat.vcxproj -> C:\Users\ws103\Desktop\zlib-1.2.11\contrib\vstudio\vc14\ARM64\ReleaseWithoutAsm\zlibstat.lib
