c:\users\ws103\desktop\libpng-1.6.37\projects\vstudio\arm64\release library\libpng16.bsc
c:\users\ws103\desktop\libpng-1.6.37\projects\vstudio\libpng\arm64\release library\libpng16.pch
c:\users\ws103\desktop\libpng-1.6.37\projects\vstudio\libpng\arm64\release library\libpng.pdb
c:\users\ws103\desktop\libpng-1.6.37\projects\vstudio\libpng\arm64\release library\png.sbr
c:\users\ws103\desktop\libpng-1.6.37\projects\vstudio\libpng\arm64\release library\png.obj
c:\users\ws103\desktop\libpng-1.6.37\projects\vstudio\libpng\arm64\release library\pngerror.sbr
c:\users\ws103\desktop\libpng-1.6.37\projects\vstudio\libpng\arm64\release library\pngget.sbr
c:\users\ws103\desktop\libpng-1.6.37\projects\vstudio\libpng\arm64\release library\pngmem.sbr
c:\users\ws103\desktop\libpng-1.6.37\projects\vstudio\libpng\arm64\release library\pngpread.sbr
c:\users\ws103\desktop\libpng-1.6.37\projects\vstudio\libpng\arm64\release library\pngread.sbr
c:\users\ws103\desktop\libpng-1.6.37\projects\vstudio\libpng\arm64\release library\pngrio.sbr
c:\users\ws103\desktop\libpng-1.6.37\projects\vstudio\libpng\arm64\release library\pngrtran.sbr
c:\users\ws103\desktop\libpng-1.6.37\projects\vstudio\libpng\arm64\release library\pngrutil.sbr
c:\users\ws103\desktop\libpng-1.6.37\projects\vstudio\libpng\arm64\release library\pngset.sbr
c:\users\ws103\desktop\libpng-1.6.37\projects\vstudio\libpng\arm64\release library\pngtrans.sbr
c:\users\ws103\desktop\libpng-1.6.37\projects\vstudio\libpng\arm64\release library\pngwio.sbr
c:\users\ws103\desktop\libpng-1.6.37\projects\vstudio\libpng\arm64\release library\pngwrite.sbr
c:\users\ws103\desktop\libpng-1.6.37\projects\vstudio\libpng\arm64\release library\pngwtran.sbr
c:\users\ws103\desktop\libpng-1.6.37\projects\vstudio\libpng\arm64\release library\pngwutil.sbr
c:\users\ws103\desktop\libpng-1.6.37\projects\vstudio\libpng\arm64\release library\pngwutil.obj
c:\users\ws103\desktop\libpng-1.6.37\projects\vstudio\libpng\arm64\release library\pngwtran.obj
c:\users\ws103\desktop\libpng-1.6.37\projects\vstudio\libpng\arm64\release library\pngwrite.obj
c:\users\ws103\desktop\libpng-1.6.37\projects\vstudio\libpng\arm64\release library\pngwio.obj
c:\users\ws103\desktop\libpng-1.6.37\projects\vstudio\libpng\arm64\release library\pngtrans.obj
c:\users\ws103\desktop\libpng-1.6.37\projects\vstudio\libpng\arm64\release library\pngset.obj
c:\users\ws103\desktop\libpng-1.6.37\projects\vstudio\libpng\arm64\release library\pngrutil.obj
c:\users\ws103\desktop\libpng-1.6.37\projects\vstudio\libpng\arm64\release library\pngrtran.obj
c:\users\ws103\desktop\libpng-1.6.37\projects\vstudio\libpng\arm64\release library\pngrio.obj
c:\users\ws103\desktop\libpng-1.6.37\projects\vstudio\libpng\arm64\release library\pngread.obj
c:\users\ws103\desktop\libpng-1.6.37\projects\vstudio\libpng\arm64\release library\pngpread.obj
c:\users\ws103\desktop\libpng-1.6.37\projects\vstudio\libpng\arm64\release library\pngmem.obj
c:\users\ws103\desktop\libpng-1.6.37\projects\vstudio\libpng\arm64\release library\pngget.obj
c:\users\ws103\desktop\libpng-1.6.37\projects\vstudio\libpng\arm64\release library\pngerror.obj
c:\users\ws103\desktop\libpng-1.6.37\projects\vstudio\arm64\release library\libpng16.lib
c:\users\ws103\desktop\libpng-1.6.37\projects\vstudio\libpng\arm64\release library\libpng.tlog\bscmake.command.1.tlog
c:\users\ws103\desktop\libpng-1.6.37\projects\vstudio\libpng\arm64\release library\libpng.tlog\bscmake.read.1.tlog
c:\users\ws103\desktop\libpng-1.6.37\projects\vstudio\libpng\arm64\release library\libpng.tlog\bscmake.write.1.tlog
c:\users\ws103\desktop\libpng-1.6.37\projects\vstudio\libpng\arm64\release library\libpng.tlog\cl.command.1.tlog
c:\users\ws103\desktop\libpng-1.6.37\projects\vstudio\libpng\arm64\release library\libpng.tlog\cl.read.1.tlog
c:\users\ws103\desktop\libpng-1.6.37\projects\vstudio\libpng\arm64\release library\libpng.tlog\cl.write.1.tlog
c:\users\ws103\desktop\libpng-1.6.37\projects\vstudio\libpng\arm64\release library\libpng.tlog\lib-link.read.1.tlog
c:\users\ws103\desktop\libpng-1.6.37\projects\vstudio\libpng\arm64\release library\libpng.tlog\lib-link.write.1.tlog
c:\users\ws103\desktop\libpng-1.6.37\projects\vstudio\libpng\arm64\release library\libpng.tlog\lib.command.1.tlog
