cl : command line warning D9014: invalid value '2220' for '/wd'; assuming '5999'
  png.c
cl : command line warning D9014: invalid value '2220' for '/wd'; assuming '5999'
  pngerror.c
  pngget.c
  pngmem.c
  pngpread.c
  pngread.c
  pngrio.c
  pngrtran.c
  pngrutil.c
  pngset.c
  pngtrans.c
  pngwio.c
  pngwrite.c
  pngwtran.c
  pngwutil.c
     Creating library C:\Users\ws103\Desktop\libpng-1.6.37\projects\vstudio\ARM64\Release\libpng16.lib and object C:\Users\ws103\Desktop\libpng-1.6.37\projects\vstudio\ARM64\Release\libpng16.exp
  Generating code
  Finished generating code
  libpng.vcxproj -> C:\Users\ws103\Desktop\libpng-1.6.37\projects\vstudio\ARM64\Release\libpng16.dll
