  vorbisfile.c
C:\Users\ws103\Desktop\vorbis-v1.3.7\lib\vorbisfile.c(71,1): warning C4267: 'initializing': conversion from 'size_t' to 'long', possible loss of data
C:\Users\ws103\Desktop\vorbis-v1.3.7\lib\vorbisfile.c(258,42): warning C4244: 'function': conversion from 'ogg_int64_t' to 'long', possible loss of data
C:\Users\ws103\Desktop\vorbis-v1.3.7\lib\vorbisfile.c(276,27): warning C4244: '=': conversion from 'ogg_int64_t' to 'int', possible loss of data
C:\Users\ws103\Desktop\vorbis-v1.3.7\lib\vorbisfile.c(548,25): warning C4244: 'return': conversion from 'ogg_int64_t' to 'int', possible loss of data
C:\Users\ws103\Desktop\vorbis-v1.3.7\lib\vorbisfile.c(569,23): warning C4244: 'return': conversion from 'ogg_int64_t' to 'int', possible loss of data
C:\Users\ws103\Desktop\vorbis-v1.3.7\lib\vorbisfile.c(572,23): warning C4244: 'return': conversion from 'ogg_int64_t' to 'int', possible loss of data
C:\Users\ws103\Desktop\vorbis-v1.3.7\lib\vorbisfile.c(582,23): warning C4244: 'return': conversion from 'ogg_int64_t' to 'int', possible loss of data
C:\Users\ws103\Desktop\vorbis-v1.3.7\lib\vorbisfile.c(644,23): warning C4244: 'return': conversion from 'ogg_int64_t' to 'int', possible loss of data
C:\Users\ws103\Desktop\vorbis-v1.3.7\lib\vorbisfile.c(877,21): warning C4244: 'function': conversion from 'ogg_int64_t' to 'long', possible loss of data
C:\Users\ws103\Desktop\vorbis-v1.3.7\lib\vorbisfile.c(1015,13): warning C4996: 'fopen': This function or variable may be unsafe. Consider using fopen_s instead. To disable deprecation, use _CRT_SECURE_NO_WARNINGS. See online help for details.
C:\Users\ws103\Desktop\vorbis-v1.3.7\lib\vorbisfile.c(1121,35): warning C4244: '=': conversion from 'double' to 'float', possible loss of data
C:\Users\ws103\Desktop\vorbis-v1.3.7\lib\vorbisfile.c(1122,21): warning C4244: 'return': conversion from 'double' to 'long', possible loss of data
C:\Users\ws103\Desktop\vorbis-v1.3.7\lib\vorbisfile.c(1126,80): warning C4244: 'return': conversion from 'double' to 'long', possible loss of data
C:\Users\ws103\Desktop\vorbis-v1.3.7\lib\vorbisfile.c(1154,54): warning C4244: '=': conversion from 'double' to 'long', possible loss of data
C:\Users\ws103\Desktop\vorbis-v1.3.7\lib\vorbisfile.c(1763,39): warning C4244: '=': conversion from 'ogg_int64_t' to 'long', possible loss of data
C:\Users\ws103\Desktop\vorbis-v1.3.7\lib\vorbisfile.c(1800,1): warning C4244: 'initializing': conversion from 'double' to 'ogg_int64_t', possible loss of data
C:\Users\ws103\Desktop\vorbis-v1.3.7\lib\vorbisfile.c(1830,1): warning C4244: 'initializing': conversion from 'double' to 'ogg_int64_t', possible loss of data
C:\Users\ws103\Desktop\vorbis-v1.3.7\lib\vorbisfile.c(1992,24): warning C4101: 'fpu': unreferenced local variable
C:\Users\ws103\Desktop\vorbis-v1.3.7\lib\vorbisfile.c(2169,1): warning C4244: 'initializing': conversion from 'double' to 'float', possible loss of data
  libogg.lib(framing.obj) : MSIL .netmodule or module compiled with /GL found; restarting link with /LTCG; add /LTCG to the link command line to improve linker performance
     Creating library C:\Users\ws103\Desktop\vorbis-v1.3.7\win32\VS2010\ARM64\Release\libvorbisfile.lib and object C:\Users\ws103\Desktop\vorbis-v1.3.7\win32\VS2010\ARM64\Release\libvorbisfile.exp
  Generating code
  Finished generating code
  libvorbisfile_dynamic.vcxproj -> C:\Users\ws103\Desktop\vorbis-v1.3.7\win32\VS2010\ARM64\Release\libvorbisfile.dll
